<?xml version="1.0" encoding="UTF-8"?>
<!-- Generated by org.testng.reporters.JUnitXMLReporter -->
<testsuite hostname="DESKTOP-K28UI66" ignored="2" name="Default test" tests="1" failures="0" timestamp="25 Jul 2017 12:14:57 GMT" time="40.444" errors="0">
  <testcase name="test2" time="5.241" classname="testScenarios.LoginTestScearios"/>
  <testcase name="test3" time="0.0" classname="testScenarios.LoginTestScearios">
    <ignored/>
  </testcase> <!-- test3 -->
  <testcase name="test1" time="0.0" classname="testScenarios.LoginTestScearios">
    <ignored/>
  </testcase> <!-- test1 -->
</testsuite> <!-- Default test -->
