<?xml version="1.0" encoding="UTF-8"?>
<testng-results skipped="0" failed="0" ignored="2" total="3" passed="1">
  <reporter-output>
  </reporter-output>
  <suite name="Smoke suite" duration-ms="74226" started-at="2017-07-25T11:51:05Z" finished-at="2017-07-25T11:52:19Z">
    <groups>
    </groups>
    <test name="Default test" duration-ms="74226" started-at="2017-07-25T11:51:05Z" finished-at="2017-07-25T11:52:19Z">
      <class name="testScenarios.LoginTestScearios">
        <test-method status="PASS" signature="setUp()[pri:0, instance:testScenarios.LoginTestScearios@604ed9f0]" name="setUp" is-config="true" duration-ms="62611" started-at="2017-07-25T17:21:05Z" finished-at="2017-07-25T17:22:08Z">
          <reporter-output>
          </reporter-output>
        </test-method> <!-- setUp -->
        <test-method status="PASS" signature="test2()[pri:0, instance:testScenarios.LoginTestScearios@604ed9f0]" name="test2" duration-ms="7627" started-at="2017-07-25T17:22:08Z" description="validating login with Invalid credentials " finished-at="2017-07-25T17:22:15Z">
          <reporter-output>
          </reporter-output>
        </test-method> <!-- test2 -->
        <test-method status="PASS" signature="teadDown()[pri:0, instance:testScenarios.LoginTestScearios@604ed9f0]" name="teadDown" is-config="true" duration-ms="3941" started-at="2017-07-25T17:22:15Z" finished-at="2017-07-25T17:22:19Z">
          <reporter-output>
          </reporter-output>
        </test-method> <!-- teadDown -->
      </class> <!-- testScenarios.LoginTestScearios -->
    </test> <!-- Default test -->
  </suite> <!-- Smoke suite -->
</testng-results>
